<?xml version="1.0" encoding="UTF-8"?>
<testng-results skipped="0" failed="0" ignored="0" total="1" passed="1">
  <reporter-output>
    <line>
      <![CDATA[Expected Page actiTIME - Login is Displayed]]>
    </line>
    <line>
      <![CDATA[Expected Page actiTIME - Enter Time-Track is Displayed]]>
    </line>
  </reporter-output>
  <suite name="Suite" duration-ms="35518" started-at="2018-02-26T07:31:30Z" finished-at="2018-02-26T07:32:06Z">
    <groups>
    </groups>
    <test name="Test" duration-ms="35518" started-at="2018-02-26T07:31:30Z" finished-at="2018-02-26T07:32:06Z">
      <class name="script.ValidLogin">
        <test-method status="PASS" signature="openApplication()[pri:0, instance:script.ValidLogin@17d677df]" name="openApplication" is-config="true" duration-ms="26681" started-at="2018-02-26T13:01:30Z" finished-at="2018-02-26T13:01:57Z">
          <reporter-output>
          </reporter-output>
        </test-method> <!-- openApplication -->
        <test-method status="PASS" signature="testValidLogin()[pri:0, instance:script.ValidLogin@17d677df]" name="testValidLogin" duration-ms="8064" started-at="2018-02-26T13:01:57Z" finished-at="2018-02-26T13:02:05Z">
          <reporter-output>
            <line>
              <![CDATA[Expected Page actiTIME - Login is Displayed]]>
            </line>
            <line>
              <![CDATA[Expected Page actiTIME - Enter Time-Track is Displayed]]>
            </line>
          </reporter-output>
        </test-method> <!-- testValidLogin -->
        <test-method status="PASS" signature="closeApplication(org.testng.ITestResult)[pri:0, instance:script.ValidLogin@17d677df]" name="closeApplication" is-config="true" duration-ms="744" started-at="2018-02-26T13:02:05Z" finished-at="2018-02-26T13:02:06Z">
          <params>
            <param index="0">
              <value>
                <![CDATA[[TestResult name=testValidLogin status=SUCCESS method=ValidLogin.testValidLogin()[pri:0, instance:script.ValidLogin@17d677df] output=Expected Page actiTIME - Login is Displayed]]]>
              </value>
            </param>
          </params>
          <reporter-output>
          </reporter-output>
        </test-method> <!-- closeApplication -->
      </class> <!-- script.ValidLogin -->
    </test> <!-- Test -->
  </suite> <!-- Suite -->
</testng-results>
