<?xml version="1.0" encoding="UTF-8"?>
<testng-results ignored="0" total="1" passed="1" failed="0" skipped="0">
  <reporter-output>
    <line>
      <![CDATA[Expected Page actiTIME - Login is Displayed]]>
    </line>
    <line>
      <![CDATA[Expected Page actiTIME - Enter Time-Track is Displayed]]>
    </line>
  </reporter-output>
  <suite started-at="2018-03-07T10:46:56Z" name="Default suite" finished-at="2018-03-07T10:47:36Z" duration-ms="39096">
    <groups>
    </groups>
    <test started-at="2018-03-07T10:46:56Z" name="Default test" finished-at="2018-03-07T10:47:36Z" duration-ms="39096">
      <class name="script.ValidLogin">
        <test-method is-config="true" signature="openApplication()[pri:0, instance:script.ValidLogin@7c24b813]" started-at="2018-03-07T10:46:56Z" name="openApplication" finished-at="2018-03-07T10:47:21Z" duration-ms="24184" status="PASS">
          <reporter-output>
          </reporter-output>
        </test-method> <!-- openApplication -->
        <test-method signature="testValidLogin()[pri:0, instance:script.ValidLogin@7c24b813]" started-at="2018-03-07T10:47:21Z" name="testValidLogin" finished-at="2018-03-07T10:47:35Z" duration-ms="14493" status="PASS">
          <reporter-output>
            <line>
              <![CDATA[Expected Page actiTIME - Login is Displayed]]>
            </line>
            <line>
              <![CDATA[Expected Page actiTIME - Enter Time-Track is Displayed]]>
            </line>
          </reporter-output>
        </test-method> <!-- testValidLogin -->
        <test-method is-config="true" signature="closeApplication(org.testng.ITestResult)[pri:0, instance:script.ValidLogin@7c24b813]" started-at="2018-03-07T10:47:35Z" name="closeApplication" finished-at="2018-03-07T10:47:36Z" duration-ms="364" status="PASS">
          <params>
            <param index="0">
              <value>
                <![CDATA[[TestResult name=testValidLogin status=SUCCESS method=ValidLogin.testValidLogin()[pri:0, instance:script.ValidLogin@7c24b813] output=Expected Page actiTIME - Login is Displayed]]]>
              </value>
            </param>
          </params>
          <reporter-output>
          </reporter-output>
        </test-method> <!-- closeApplication -->
      </class> <!-- script.ValidLogin -->
    </test> <!-- Default test -->
  </suite> <!-- Default suite -->
</testng-results>
